Línea 15: la clase MSAdodcLib.Adodc del control AdoEnt no era una clase de control cargada.
Línea 95: la clase MSAdodcLib.Adodc del control AdoUsu no era una clase de control cargada.
Línea 142: la clase MSComCtl2.DTPicker del control DTFecha no era una clase de control cargada.
Línea 169: la clase MSComctlLib.ListView del control ListProv no era una clase de control cargada.
Línea 21: el nombre de la propiedad _ExtentX de AdoEnt no es válido.
Línea 22: el nombre de la propiedad _ExtentY de AdoEnt no es válido.
Línea 23: el nombre de la propiedad ConnectMode de AdoEnt no es válido.
Línea 24: el nombre de la propiedad CursorLocation de AdoEnt no es válido.
Línea 25: el nombre de la propiedad IsolationLevel de AdoEnt no es válido.
Línea 26: el nombre de la propiedad ConnectionTimeout de AdoEnt no es válido.
Línea 27: el nombre de la propiedad CommandTimeout de AdoEnt no es válido.
Línea 28: el nombre de la propiedad CursorType de AdoEnt no es válido.
Línea 29: el nombre de la propiedad LockType de AdoEnt no es válido.
Línea 30: el nombre de la propiedad CommandType de AdoEnt no es válido.
Línea 31: el nombre de la propiedad CursorOptions de AdoEnt no es válido.
Línea 32: el nombre de la propiedad CacheSize de AdoEnt no es válido.
Línea 33: el nombre de la propiedad MaxRecords de AdoEnt no es válido.
Línea 34: el nombre de la propiedad BOFAction de AdoEnt no es válido.
Línea 35: el nombre de la propiedad EOFAction de AdoEnt no es válido.
Línea 36: el nombre de la propiedad ConnectStringType de AdoEnt no es válido.
Línea 40: el nombre de la propiedad Orientation de AdoEnt no es válido.
Línea 42: el nombre de la propiedad Connect de AdoEnt no es válido.
Línea 43: el nombre de la propiedad OLEDBString de AdoEnt no es válido.
Línea 44: el nombre de la propiedad OLEDBFile de AdoEnt no es válido.
Línea 45: el nombre de la propiedad DataSourceName de AdoEnt no es válido.
Línea 46: el nombre de la propiedad OtherAttributes de AdoEnt no es válido.
Línea 47: el nombre de la propiedad UserName de AdoEnt no es válido.
Línea 48: el nombre de la propiedad Password de AdoEnt no es válido.
Línea 49: el nombre de la propiedad RecordSource de AdoEnt no es válido.
Línea 50: el nombre de la propiedad Caption de AdoEnt no es válido.
Línea 60: el nombre de la propiedad _Version de AdoEnt no es válido.
Línea 101: el nombre de la propiedad _ExtentX de AdoUsu no es válido.
Línea 102: el nombre de la propiedad _ExtentY de AdoUsu no es válido.
Línea 103: el nombre de la propiedad ConnectMode de AdoUsu no es válido.
Línea 104: el nombre de la propiedad CursorLocation de AdoUsu no es válido.
Línea 105: el nombre de la propiedad IsolationLevel de AdoUsu no es válido.
Línea 106: el nombre de la propiedad ConnectionTimeout de AdoUsu no es válido.
Línea 107: el nombre de la propiedad CommandTimeout de AdoUsu no es válido.
Línea 108: el nombre de la propiedad CursorType de AdoUsu no es válido.
Línea 109: el nombre de la propiedad LockType de AdoUsu no es válido.
Línea 110: el nombre de la propiedad CommandType de AdoUsu no es válido.
Línea 111: el nombre de la propiedad CursorOptions de AdoUsu no es válido.
Línea 112: el nombre de la propiedad CacheSize de AdoUsu no es válido.
Línea 113: el nombre de la propiedad MaxRecords de AdoUsu no es válido.
Línea 114: el nombre de la propiedad BOFAction de AdoUsu no es válido.
Línea 115: el nombre de la propiedad EOFAction de AdoUsu no es válido.
Línea 116: el nombre de la propiedad ConnectStringType de AdoUsu no es válido.
Línea 120: el nombre de la propiedad Orientation de AdoUsu no es válido.
Línea 122: el nombre de la propiedad Connect de AdoUsu no es válido.
Línea 123: el nombre de la propiedad OLEDBString de AdoUsu no es válido.
Línea 124: el nombre de la propiedad OLEDBFile de AdoUsu no es válido.
Línea 125: el nombre de la propiedad DataSourceName de AdoUsu no es válido.
Línea 126: el nombre de la propiedad OtherAttributes de AdoUsu no es válido.
Línea 127: el nombre de la propiedad UserName de AdoUsu no es válido.
Línea 128: el nombre de la propiedad Password de AdoUsu no es válido.
Línea 129: el nombre de la propiedad RecordSource de AdoUsu no es válido.
Línea 130: el nombre de la propiedad Caption de AdoUsu no es válido.
Línea 140: el nombre de la propiedad _Version de AdoUsu no es válido.
Línea 148: el nombre de la propiedad _ExtentX de DTFecha no es válido.
Línea 149: el nombre de la propiedad _ExtentY de DTFecha no es válido.
Línea 150: el nombre de la propiedad _Version de DTFecha no es válido.
Línea 151: el nombre de la propiedad Format de DTFecha no es válido.
Línea 152: el nombre de la propiedad CurrentDate de DTFecha no es válido.
Línea 175: el nombre de la propiedad _ExtentX de ListProv no es válido.
Línea 176: el nombre de la propiedad _ExtentY de ListProv no es válido.
Línea 177: el nombre de la propiedad LabelWrap de ListProv no es válido.
Línea 178: el nombre de la propiedad HideSelection de ListProv no es válido.
Línea 179: el nombre de la propiedad FullRowSelect de ListProv no es válido.
Línea 180: el nombre de la propiedad _Version de ListProv no es válido.
Línea 185: el nombre de la propiedad NumItems de ListProv no es válido.
