Línea 26: la clase MSAdodcLib.Adodc del control Adodc4 no era una clase de control cargada.
Línea 73: la clase MSDataListLib.DataCombo del control DataCombo1 no era una clase de control cargada.
Línea 99: la clase MSAdodcLib.Adodc del control Adodc3 no era una clase de control cargada.
Línea 548: la clase MSComCtl2.DTPicker del control DTPicker1 no era una clase de control cargada.
Línea 560: la clase MSAdodcLib.Adodc del control Adodc2 no era una clase de control cargada.
Línea 607: la clase MSAdodcLib.Adodc del control Adodc1 no era una clase de control cargada.
Línea 32: el nombre de la propiedad _ExtentX de Adodc4 no es válido.
Línea 33: el nombre de la propiedad _ExtentY de Adodc4 no es válido.
Línea 34: el nombre de la propiedad ConnectMode de Adodc4 no es válido.
Línea 35: el nombre de la propiedad CursorLocation de Adodc4 no es válido.
Línea 36: el nombre de la propiedad IsolationLevel de Adodc4 no es válido.
Línea 37: el nombre de la propiedad ConnectionTimeout de Adodc4 no es válido.
Línea 38: el nombre de la propiedad CommandTimeout de Adodc4 no es válido.
Línea 39: el nombre de la propiedad CursorType de Adodc4 no es válido.
Línea 40: el nombre de la propiedad LockType de Adodc4 no es válido.
Línea 41: el nombre de la propiedad CommandType de Adodc4 no es válido.
Línea 42: el nombre de la propiedad CursorOptions de Adodc4 no es válido.
Línea 43: el nombre de la propiedad CacheSize de Adodc4 no es válido.
Línea 44: el nombre de la propiedad MaxRecords de Adodc4 no es válido.
Línea 45: el nombre de la propiedad BOFAction de Adodc4 no es válido.
Línea 46: el nombre de la propiedad EOFAction de Adodc4 no es válido.
Línea 47: el nombre de la propiedad ConnectStringType de Adodc4 no es válido.
Línea 51: el nombre de la propiedad Orientation de Adodc4 no es válido.
Línea 53: el nombre de la propiedad Connect de Adodc4 no es válido.
Línea 54: el nombre de la propiedad OLEDBString de Adodc4 no es válido.
Línea 55: el nombre de la propiedad OLEDBFile de Adodc4 no es válido.
Línea 56: el nombre de la propiedad DataSourceName de Adodc4 no es válido.
Línea 57: el nombre de la propiedad OtherAttributes de Adodc4 no es válido.
Línea 58: el nombre de la propiedad UserName de Adodc4 no es válido.
Línea 59: el nombre de la propiedad Password de Adodc4 no es válido.
Línea 60: el nombre de la propiedad RecordSource de Adodc4 no es válido.
Línea 61: el nombre de la propiedad Caption de Adodc4 no es válido.
Línea 71: el nombre de la propiedad _Version de Adodc4 no es válido.
Línea 74: el nombre de la propiedad Bindings de DataCombo1 no es válido.
Línea 82: el nombre de la propiedad _ExtentX de DataCombo1 no es válido.
Línea 83: el nombre de la propiedad _ExtentY de DataCombo1 no es válido.
Línea 84: el nombre de la propiedad _Version de DataCombo1 no es válido.
Línea 85: el nombre de la propiedad ListField de DataCombo1 no es válido.
Línea 86: el nombre de la propiedad Text de DataCombo1 no es válido.
Línea 105: el nombre de la propiedad _ExtentX de Adodc3 no es válido.
Línea 106: el nombre de la propiedad _ExtentY de Adodc3 no es válido.
Línea 107: el nombre de la propiedad ConnectMode de Adodc3 no es válido.
Línea 108: el nombre de la propiedad CursorLocation de Adodc3 no es válido.
Línea 109: el nombre de la propiedad IsolationLevel de Adodc3 no es válido.
Línea 110: el nombre de la propiedad ConnectionTimeout de Adodc3 no es válido.
Línea 111: el nombre de la propiedad CommandTimeout de Adodc3 no es válido.
Línea 112: el nombre de la propiedad CursorType de Adodc3 no es válido.
Línea 113: el nombre de la propiedad LockType de Adodc3 no es válido.
Línea 114: el nombre de la propiedad CommandType de Adodc3 no es válido.
Línea 115: el nombre de la propiedad CursorOptions de Adodc3 no es válido.
Línea 116: el nombre de la propiedad CacheSize de Adodc3 no es válido.
Línea 117: el nombre de la propiedad MaxRecords de Adodc3 no es válido.
Línea 118: el nombre de la propiedad BOFAction de Adodc3 no es válido.
Línea 119: el nombre de la propiedad EOFAction de Adodc3 no es válido.
Línea 120: el nombre de la propiedad ConnectStringType de Adodc3 no es válido.
Línea 124: el nombre de la propiedad Orientation de Adodc3 no es válido.
Línea 126: el nombre de la propiedad Connect de Adodc3 no es válido.
Línea 127: el nombre de la propiedad OLEDBString de Adodc3 no es válido.
Línea 128: el nombre de la propiedad OLEDBFile de Adodc3 no es válido.
Línea 129: el nombre de la propiedad DataSourceName de Adodc3 no es válido.
Línea 130: el nombre de la propiedad OtherAttributes de Adodc3 no es válido.
Línea 131: el nombre de la propiedad UserName de Adodc3 no es válido.
Línea 132: el nombre de la propiedad Password de Adodc3 no es válido.
Línea 133: el nombre de la propiedad RecordSource de Adodc3 no es válido.
Línea 134: el nombre de la propiedad Caption de Adodc3 no es válido.
Línea 144: el nombre de la propiedad _Version de Adodc3 no es válido.
Línea 554: el nombre de la propiedad _ExtentX de DTPicker1 no es válido.
Línea 555: el nombre de la propiedad _ExtentY de DTPicker1 no es válido.
Línea 556: el nombre de la propiedad _Version de DTPicker1 no es válido.
Línea 557: el nombre de la propiedad Format de DTPicker1 no es válido.
Línea 558: el nombre de la propiedad CurrentDate de DTPicker1 no es válido.
Línea 566: el nombre de la propiedad _ExtentX de Adodc2 no es válido.
Línea 567: el nombre de la propiedad _ExtentY de Adodc2 no es válido.
Línea 568: el nombre de la propiedad ConnectMode de Adodc2 no es válido.
Línea 569: el nombre de la propiedad CursorLocation de Adodc2 no es válido.
Línea 570: el nombre de la propiedad IsolationLevel de Adodc2 no es válido.
Línea 571: el nombre de la propiedad ConnectionTimeout de Adodc2 no es válido.
Línea 572: el nombre de la propiedad CommandTimeout de Adodc2 no es válido.
Línea 573: el nombre de la propiedad CursorType de Adodc2 no es válido.
Línea 574: el nombre de la propiedad LockType de Adodc2 no es válido.
Línea 575: el nombre de la propiedad CommandType de Adodc2 no es válido.
Línea 576: el nombre de la propiedad CursorOptions de Adodc2 no es válido.
Línea 577: el nombre de la propiedad CacheSize de Adodc2 no es válido.
Línea 578: el nombre de la propiedad MaxRecords de Adodc2 no es válido.
Línea 579: el nombre de la propiedad BOFAction de Adodc2 no es válido.
Línea 580: el nombre de la propiedad EOFAction de Adodc2 no es válido.
Línea 581: el nombre de la propiedad ConnectStringType de Adodc2 no es válido.
Línea 585: el nombre de la propiedad Orientation de Adodc2 no es válido.
Línea 587: el nombre de la propiedad Connect de Adodc2 no es válido.
Línea 588: el nombre de la propiedad OLEDBString de Adodc2 no es válido.
Línea 589: el nombre de la propiedad OLEDBFile de Adodc2 no es válido.
Línea 590: el nombre de la propiedad DataSourceName de Adodc2 no es válido.
Línea 591: el nombre de la propiedad OtherAttributes de Adodc2 no es válido.
Línea 592: el nombre de la propiedad UserName de Adodc2 no es válido.
Línea 593: el nombre de la propiedad Password de Adodc2 no es válido.
Línea 594: el nombre de la propiedad RecordSource de Adodc2 no es válido.
Línea 595: el nombre de la propiedad Caption de Adodc2 no es válido.
Línea 605: el nombre de la propiedad _Version de Adodc2 no es válido.
Línea 612: el nombre de la propiedad _ExtentX de Adodc1 no es válido.
Línea 613: el nombre de la propiedad _ExtentY de Adodc1 no es válido.
Línea 614: el nombre de la propiedad ConnectMode de Adodc1 no es válido.
Línea 615: el nombre de la propiedad CursorLocation de Adodc1 no es válido.
Línea 616: el nombre de la propiedad IsolationLevel de Adodc1 no es válido.
Línea 617: el nombre de la propiedad ConnectionTimeout de Adodc1 no es válido.
Línea 618: el nombre de la propiedad CommandTimeout de Adodc1 no es válido.
Línea 619: el nombre de la propiedad CursorType de Adodc1 no es válido.
Línea 620: el nombre de la propiedad LockType de Adodc1 no es válido.
Línea 621: el nombre de la propiedad CommandType de Adodc1 no es válido.
Línea 622: el nombre de la propiedad CursorOptions de Adodc1 no es válido.
Línea 623: el nombre de la propiedad CacheSize de Adodc1 no es válido.
Línea 624: el nombre de la propiedad MaxRecords de Adodc1 no es válido.
Línea 625: el nombre de la propiedad BOFAction de Adodc1 no es válido.
Línea 626: el nombre de la propiedad EOFAction de Adodc1 no es válido.
Línea 627: el nombre de la propiedad ConnectStringType de Adodc1 no es válido.
Línea 631: el nombre de la propiedad Orientation de Adodc1 no es válido.
Línea 633: el nombre de la propiedad Connect de Adodc1 no es válido.
Línea 634: el nombre de la propiedad OLEDBString de Adodc1 no es válido.
Línea 635: el nombre de la propiedad OLEDBFile de Adodc1 no es válido.
Línea 636: el nombre de la propiedad DataSourceName de Adodc1 no es válido.
Línea 637: el nombre de la propiedad OtherAttributes de Adodc1 no es válido.
Línea 638: el nombre de la propiedad UserName de Adodc1 no es válido.
Línea 639: el nombre de la propiedad Password de Adodc1 no es válido.
Línea 640: el nombre de la propiedad RecordSource de Adodc1 no es válido.
Línea 641: el nombre de la propiedad Caption de Adodc1 no es válido.
Línea 651: el nombre de la propiedad _Version de Adodc1 no es válido.
