Line 57: Class MSComDlg.CommonDialog of control CommonDialog1 was not a loaded control class.
Line 64: Class TabDlg.SSTab of control SSTab1 was not a loaded control class.
Line 147: Class MSComctlLib.ListView of control lvwJR was not a loaded control class.
Line 167: Class MSComctlLib.ListView of control ListView1 was not a loaded control class.
Line 60: The property name _ExtentX in CommonDialog1 is invalid.
Line 61: The property name _ExtentY in CommonDialog1 is invalid.
Line 62: The property name _Version in CommonDialog1 is invalid.
Line 70: The property name _ExtentX in SSTab1 is invalid.
Line 71: The property name _ExtentY in SSTab1 is invalid.
Line 72: The property name _Version in SSTab1 is invalid.
Line 73: The property name Tabs in SSTab1 is invalid.
Line 74: The property name TabsPerRow in SSTab1 is invalid.
Line 75: The property name TabHeight in SSTab1 is invalid.
Line 77: The property name TabCaption(0) in SSTab1 is invalid.
Line 78: The property name TabPicture(0) in SSTab1 is invalid.
Line 79: The property name Tab(0).ControlEnabled in SSTab1 is invalid.
Line 80: The property name Tab(0).Control(0) in SSTab1 is invalid.
Line 81: The property name Tab(0).Control(0).Enabled in SSTab1 is invalid.
Line 82: The property name Tab(0).Control(1) in SSTab1 is invalid.
Line 83: The property name Tab(0).Control(1).Enabled in SSTab1 is invalid.
Line 84: The property name Tab(0).Control(2) in SSTab1 is invalid.
Line 85: The property name Tab(0).Control(2).Enabled in SSTab1 is invalid.
Line 86: The property name Tab(0).Control(3) in SSTab1 is invalid.
Line 87: The property name Tab(0).Control(3).Enabled in SSTab1 is invalid.
Line 88: The property name Tab(0).Control(4) in SSTab1 is invalid.
Line 89: The property name Tab(0).Control(4).Enabled in SSTab1 is invalid.
Line 90: The property name Tab(0).Control(5) in SSTab1 is invalid.
Line 91: The property name Tab(0).Control(5).Enabled in SSTab1 is invalid.
Line 92: The property name Tab(0).Control(6) in SSTab1 is invalid.
Line 93: The property name Tab(0).Control(6).Enabled in SSTab1 is invalid.
Line 94: The property name Tab(0).Control(7) in SSTab1 is invalid.
Line 95: The property name Tab(0).Control(7).Enabled in SSTab1 is invalid.
Line 96: The property name Tab(0).Control(8) in SSTab1 is invalid.
Line 97: The property name Tab(0).Control(8).Enabled in SSTab1 is invalid.
Line 98: The property name Tab(0).Control(9) in SSTab1 is invalid.
Line 99: The property name Tab(0).Control(9).Enabled in SSTab1 is invalid.
Line 100: The property name Tab(0).Control(10) in SSTab1 is invalid.
Line 101: The property name Tab(0).Control(10).Enabled in SSTab1 is invalid.
Line 102: The property name Tab(0).Control(11) in SSTab1 is invalid.
Line 103: The property name Tab(0).Control(11).Enabled in SSTab1 is invalid.
Line 104: The property name Tab(0).ControlCount in SSTab1 is invalid.
Line 153: The property name _ExtentX in lvwJR is invalid.
Line 154: The property name _ExtentY in lvwJR is invalid.
Line 155: The property name View in lvwJR is invalid.
Line 156: The property name LabelWrap in lvwJR is invalid.
Line 157: The property name HideSelection in lvwJR is invalid.
Line 158: The property name Checkboxes in lvwJR is invalid.
Line 159: The property name FullRowSelect in lvwJR is invalid.
Line 160: The property name GridLines in lvwJR is invalid.
Line 161: The property name _Version in lvwJR is invalid.
Line 165: The property name NumItems in lvwJR is invalid.
Line 173: The property name _ExtentX in ListView1 is invalid.
Line 174: The property name _ExtentY in ListView1 is invalid.
Line 175: The property name View in ListView1 is invalid.
Line 176: The property name LabelWrap in ListView1 is invalid.
Line 177: The property name HideSelection in ListView1 is invalid.
Line 178: The property name Checkboxes in ListView1 is invalid.
Line 179: The property name FullRowSelect in ListView1 is invalid.
Line 180: The property name GridLines in ListView1 is invalid.
Line 181: The property name _Version in ListView1 is invalid.
Line 185: The property name NumItems in ListView1 is invalid.
