Línea 618: la clase MSAdodcLib.Adodc del control Adodc2 no era una clase de control cargada.
Línea 665: la clase MSComctlLib.StatusBar del control StatusBar1 no era una clase de control cargada.
Línea 813: la clase MSAdodcLib.Adodc del control Adodc1 no era una clase de control cargada.
Línea 624: el nombre de la propiedad _ExtentX de Adodc2 no es válido.
Línea 625: el nombre de la propiedad _ExtentY de Adodc2 no es válido.
Línea 626: el nombre de la propiedad ConnectMode de Adodc2 no es válido.
Línea 627: el nombre de la propiedad CursorLocation de Adodc2 no es válido.
Línea 628: el nombre de la propiedad IsolationLevel de Adodc2 no es válido.
Línea 629: el nombre de la propiedad ConnectionTimeout de Adodc2 no es válido.
Línea 630: el nombre de la propiedad CommandTimeout de Adodc2 no es válido.
Línea 631: el nombre de la propiedad CursorType de Adodc2 no es válido.
Línea 632: el nombre de la propiedad LockType de Adodc2 no es válido.
Línea 633: el nombre de la propiedad CommandType de Adodc2 no es válido.
Línea 634: el nombre de la propiedad CursorOptions de Adodc2 no es válido.
Línea 635: el nombre de la propiedad CacheSize de Adodc2 no es válido.
Línea 636: el nombre de la propiedad MaxRecords de Adodc2 no es válido.
Línea 637: el nombre de la propiedad BOFAction de Adodc2 no es válido.
Línea 638: el nombre de la propiedad EOFAction de Adodc2 no es válido.
Línea 639: el nombre de la propiedad ConnectStringType de Adodc2 no es válido.
Línea 643: el nombre de la propiedad Orientation de Adodc2 no es válido.
Línea 645: el nombre de la propiedad Connect de Adodc2 no es válido.
Línea 646: el nombre de la propiedad OLEDBString de Adodc2 no es válido.
Línea 647: el nombre de la propiedad OLEDBFile de Adodc2 no es válido.
Línea 648: el nombre de la propiedad DataSourceName de Adodc2 no es válido.
Línea 649: el nombre de la propiedad OtherAttributes de Adodc2 no es válido.
Línea 650: el nombre de la propiedad UserName de Adodc2 no es válido.
Línea 651: el nombre de la propiedad Password de Adodc2 no es válido.
Línea 652: el nombre de la propiedad RecordSource de Adodc2 no es válido.
Línea 653: el nombre de la propiedad Caption de Adodc2 no es válido.
Línea 663: el nombre de la propiedad _Version de Adodc2 no es válido.
Línea 672: el nombre de la propiedad _ExtentX de StatusBar1 no es válido.
Línea 673: el nombre de la propiedad _ExtentY de StatusBar1 no es válido.
Línea 674: el nombre de la propiedad _Version de StatusBar1 no es válido.
Línea 697: el nombre de la propiedad Panels de StatusBar1 no es válido.
Línea 819: el nombre de la propiedad _ExtentX de Adodc1 no es válido.
Línea 820: el nombre de la propiedad _ExtentY de Adodc1 no es válido.
Línea 821: el nombre de la propiedad ConnectMode de Adodc1 no es válido.
Línea 822: el nombre de la propiedad CursorLocation de Adodc1 no es válido.
Línea 823: el nombre de la propiedad IsolationLevel de Adodc1 no es válido.
Línea 824: el nombre de la propiedad ConnectionTimeout de Adodc1 no es válido.
Línea 825: el nombre de la propiedad CommandTimeout de Adodc1 no es válido.
Línea 826: el nombre de la propiedad CursorType de Adodc1 no es válido.
Línea 827: el nombre de la propiedad LockType de Adodc1 no es válido.
Línea 828: el nombre de la propiedad CommandType de Adodc1 no es válido.
Línea 829: el nombre de la propiedad CursorOptions de Adodc1 no es válido.
Línea 830: el nombre de la propiedad CacheSize de Adodc1 no es válido.
Línea 831: el nombre de la propiedad MaxRecords de Adodc1 no es válido.
Línea 832: el nombre de la propiedad BOFAction de Adodc1 no es válido.
Línea 833: el nombre de la propiedad EOFAction de Adodc1 no es válido.
Línea 834: el nombre de la propiedad ConnectStringType de Adodc1 no es válido.
Línea 838: el nombre de la propiedad Orientation de Adodc1 no es válido.
Línea 840: el nombre de la propiedad Connect de Adodc1 no es válido.
Línea 841: el nombre de la propiedad OLEDBString de Adodc1 no es válido.
Línea 842: el nombre de la propiedad OLEDBFile de Adodc1 no es válido.
Línea 843: el nombre de la propiedad DataSourceName de Adodc1 no es válido.
Línea 844: el nombre de la propiedad OtherAttributes de Adodc1 no es válido.
Línea 845: el nombre de la propiedad UserName de Adodc1 no es válido.
Línea 846: el nombre de la propiedad Password de Adodc1 no es válido.
Línea 847: el nombre de la propiedad RecordSource de Adodc1 no es válido.
Línea 848: el nombre de la propiedad Caption de Adodc1 no es válido.
Línea 858: el nombre de la propiedad _Version de Adodc1 no es válido.
