Line 166: Class MSAdodcLib.Adodc of control Adodc1 was not a loaded control class.
Line 172: The property name _ExtentX in Adodc1 is invalid.
Line 173: The property name _ExtentY in Adodc1 is invalid.
Line 174: The property name ConnectMode in Adodc1 is invalid.
Line 175: The property name CursorLocation in Adodc1 is invalid.
Line 176: The property name IsolationLevel in Adodc1 is invalid.
Line 177: The property name ConnectionTimeout in Adodc1 is invalid.
Line 178: The property name CommandTimeout in Adodc1 is invalid.
Line 179: The property name CursorType in Adodc1 is invalid.
Line 180: The property name LockType in Adodc1 is invalid.
Line 181: The property name CommandType in Adodc1 is invalid.
Line 182: The property name CursorOptions in Adodc1 is invalid.
Line 183: The property name CacheSize in Adodc1 is invalid.
Line 184: The property name MaxRecords in Adodc1 is invalid.
Line 185: The property name BOFAction in Adodc1 is invalid.
Line 186: The property name EOFAction in Adodc1 is invalid.
Line 187: The property name ConnectStringType in Adodc1 is invalid.
Line 191: The property name Orientation in Adodc1 is invalid.
Line 193: The property name Connect in Adodc1 is invalid.
Line 194: The property name OLEDBString in Adodc1 is invalid.
Line 195: The property name OLEDBFile in Adodc1 is invalid.
Line 196: The property name DataSourceName in Adodc1 is invalid.
Line 197: The property name OtherAttributes in Adodc1 is invalid.
Line 198: The property name UserName in Adodc1 is invalid.
Line 199: The property name Password in Adodc1 is invalid.
Line 200: The property name RecordSource in Adodc1 is invalid.
Line 201: The property name Caption in Adodc1 is invalid.
Line 211: The property name _Version in Adodc1 is invalid.
